c:\users\leo\desktop\hw\167\raytracer\hw2-windows\debug\vc141.pdb
c:\users\leo\desktop\hw\167\raytracer\hw2-windows\debug\vc141.idb
c:\users\leo\desktop\hw\167\raytracer\hw2-windows\debug\variables.obj
c:\users\leo\desktop\hw\167\raytracer\hw2-windows\debug\transform.obj
c:\users\leo\desktop\hw\167\raytracer\hw2-windows\debug\shaders.obj
c:\users\leo\desktop\hw\167\raytracer\hw2-windows\debug\readfile.obj
c:\users\leo\desktop\hw\167\raytracer\hw2-windows\debug\raytracer.obj
c:\users\leo\desktop\hw\167\raytracer\hw2-windows\debug\main.obj
c:\users\leo\desktop\hw\167\raytracer\debug\myraytracer.ilk
c:\users\leo\desktop\hw\167\raytracer\debug\myraytracer.exe
c:\users\leo\desktop\hw\167\raytracer\debug\myraytracer.pdb
c:\users\leo\desktop\hw\167\raytracer\hw2-windows\debug\display.obj
c:\users\leo\desktop\hw\167\raytracer\hw2-windows\debug\geometry.obj
c:\users\leo\desktop\hw\167\raytracer\hw2-windows\debug\grader.obj
c:\users\leo\desktop\hw\167\raytracer\hw2-windows\debug\myraytracer.tlog\cl.command.1.tlog
c:\users\leo\desktop\hw\167\raytracer\hw2-windows\debug\myraytracer.tlog\cl.read.1.tlog
c:\users\leo\desktop\hw\167\raytracer\hw2-windows\debug\myraytracer.tlog\cl.write.1.tlog
c:\users\leo\desktop\hw\167\raytracer\hw2-windows\debug\myraytracer.tlog\link.command.1.tlog
c:\users\leo\desktop\hw\167\raytracer\hw2-windows\debug\myraytracer.tlog\link.read.1.tlog
c:\users\leo\desktop\hw\167\raytracer\hw2-windows\debug\myraytracer.tlog\link.write.1.tlog
