  main.cpp
  Raytracer.cpp
c:\users\leo\desktop\hw\167\simple raytracer\hw2-windows\raytracer.cpp(17): warning C4244: “初始化”: 从“double”转换到“float”，可能丢失数据
c:\users\leo\desktop\hw\167\simple raytracer\hw2-windows\raytracer.cpp(18): warning C4244: “初始化”: 从“double”转换到“float”，可能丢失数据
  readfile.cpp
c:\users\leo\desktop\hw\167\simple raytracer\hw2-windows\readfile.cpp(151): warning C4244: “=”: 从“float”转换到“int”，可能丢失数据
c:\users\leo\desktop\hw\167\simple raytracer\hw2-windows\readfile.cpp(155): warning C4244: “=”: 从“float”转换到“int”，可能丢失数据
c:\users\leo\desktop\hw\167\simple raytracer\hw2-windows\readfile.cpp(179): warning C4244: “参数”: 从“float”转换到“const unsigned int”，可能丢失数据
c:\users\leo\desktop\hw\167\simple raytracer\hw2-windows\readfile.cpp(180): warning C4244: “参数”: 从“float”转换到“const unsigned int”，可能丢失数据
c:\users\leo\desktop\hw\167\simple raytracer\hw2-windows\readfile.cpp(181): warning C4244: “参数”: 从“float”转换到“const unsigned int”，可能丢失数据
c:\users\leo\desktop\hw\167\simple raytracer\hw2-windows\readfile.cpp(187): warning C4244: “=”: 从“float”转换到“int”，可能丢失数据
c:\users\leo\desktop\hw\167\simple raytracer\hw2-windows\readfile.cpp(208): warning C4244: “=”: 从“float”转换到“int”，可能丢失数据
  shaders.cpp
  Transform.cpp
  variables.cpp
  正在生成代码
  1006 of 1020 functions (98.6%) were compiled, the rest were copied from previous compilation.
    296 functions were new in current compilation
    0 functions had inline decision re-evaluated but remain unchanged
  已完成代码的生成
  hw2-windows.vcxproj -> C:\Users\Leo\Desktop\hw\167\Simple Raytracer\Release\myraytracer.exe
